<?xml version="1.0" encoding="UTF-8"?>
<testsuite name="CorrecterTest" tests="1" skipped="0" failures="0" errors="0" timestamp="2020-07-23T10:37:04" hostname="Treys-MacBook-Pro.local" time="0.477">
  <properties/>
  <testcase name="start" classname="CorrecterTest" time="0.477"/>
  <system-out><![CDATA[?[1;31m
Start test 1?[0m
Eat more of these french buns!
�J��?�T?̪��?T�JT?����T??����J?��JT?��?T�J�,̆��T?�T?J�,?�T�
�j�ڞ�P?ȫ��^�L
D?����t???���Z>�Lj�?��?��j�-ܖ�`�?��^Z�?^�t�
Eat more of these french buns!
?[1;31m
Start test 2?[0m
Eat more of these french buns!
�J��?�T?̪��?T�JT?����T??����J?��JT?��?T�J�,̆��T?�T?J�,?�T�
�HL�??Ԁ���^U�H�?����V ����L
���ZU?��?D�K�-L���\@�\>H�(>?U�
Eat more of these french buns!
?[1;31m
Start test 3?[0m
Eat more of these french buns!
�J��?�T?̪��?T�JT?����T??����J?��JT?��?T�J�,̆��T?�T?J�,?�T�
�KȒ?�??L���?��KV?��Čt ^����Z^��jԀLL^V�K�?L�͠D@�t?j�.?�D�
Eat more of these french buns!
?[1;31m
Start test 4?[0m
$ome rand0m messAge
T���̪�JT??T���,̘�?̪T?̪�J?�?����?�J
D���L�L�t??U���(�؄?�V�Ⱥ�
?�?���L?�N
$ome rand0m messAge
?[1;31m
Start test 5?[0m
$ome rand0m messAge
T���̪�JT??T���,̘�?̪T?̪�J?�?����?�J
U�ܾ�LB????��άĸ??��??ĺ�
??^�ؒ�?�N
$ome rand0m messAge
?[1;31m
Start test 6?[0m
$ome rand0m messAge
T���̪�JT??T���,̘�?̪T?̪�J?�?����?�J
ԐL����N�?�P�R�$L��?�*V?L��N?�?����?�B
$ome rand0m messAge
?[1;31m
Start test 7?[0m
better call Saul 555-00-73!
�T�J?�?��J?TT?̆���x�xT?J���?J�xT?�J�J�JT��?�?T��?��T�
L\�
^�?��j?\U?�L��zLXD?Z?��?N�h\@�K�ʂHt��@�@V��>??��
better call Saul 555-00-73!
?[1;31m
Start test 8?[0m
better call Saul 555-00-73!
�T�J?�?��J?TT?̆���x�xT?J���?J�xT?�J�J�JT��?�?T��?��T�
�ULj?�>��
?VP�Ȗ�R�z�h� 
���?�LX�??H�j��P*�?��\��>����
better call Saul 555-00-73!
?[1;31m
Start test 9?[0m
better call Saul 555-00-73!
�T�J?�?��J?TT?̆���x�xT?J���?J�xT?�J�J�JT��?�?T��?��T�
�U�Z?�?���?�D?Ȗ�R�X��D?N��R?Z�yU@�
��?��*�?� ?�����V�
better call Saul 555-00-73!
?[1;31m
Start test 10?[0m
5548172 6548 225147 23656595 5155
�J�J�����҆?�TT?�̆J����T?�T�T�J�҆��?T?�T���̆J�̆J�2�JT?�J�҆J�J
��?
������???t�??ĎK����P?�\�\�B�Ӗ��?D@?�Ǝ��?N�΂N�"�HP?�K���K�H
5548172 6548 225147 23656595 5155
?[1;31m
Start test 11?[0m
5548172 6548 225147 23656595 5155
�J�J�����҆?�TT?�̆J����T?�T�T�J�҆��?T?�T���̆J�̆J�2�JT?�J�҆J�J
�Z�H�����]]>&#x82;<![CDATA[>��D �·KƐ��D?�V��?H�ӂ��>D?�\���ĄN��?ʄ0�Z???j���N�N
5548172 6548 225147 23656595 5155
?[1;31m
Start test 12?[0m
5548172 6548 225147 23656595 5155
�J�J�����҆?�TT?�̆J����T?�T�T�J�҆��?T?�T���̆J�̆J�2�JT?�J�҆J�J
�N�B���᎒�^�UP??Ȧ
��?�t?�U�U�ʎ]]>&#x82;<![CDATA[؇?� �\����?Z����?r�NP��ʄ��H�H
5548172 6548 225147 23656595 5155
]]></system-out>
  <system-err><![CDATA[]]></system-err>
</testsuite>
